Using pre-set license
Built from '2020.3/staging' branch; Version is '2020.3.4f1 (0abb6314276a) revision 703331'; Using compiler version '192528614'; Build Type 'Release'
OS: 'Windows 10 Home Single Language; OS build 19042.1237; Version 2009; 64bit' Language: 'ru' Physical Memory: 7103 MB
BatchMode: 1, IsHumanControllingUs: 0, StartBugReporterOnCrash: 0, Is64bit: 1, IsPro: 0

 COMMAND LINE ARGUMENTS:
D:\Unity\2020.3.4f1\Editor\Unity.exe
-adb2
-batchMode
-noUpm
-name
AssetImportWorker0
-projectPath
D:/UnityProjects/NewProject/Perfomans
-logFile
Logs/AssetImportWorker0.log
-srvPort
63506
Successfully changed project path to: D:/UnityProjects/NewProject/Perfomans
D:/UnityProjects/NewProject/Perfomans
Using Asset Import Pipeline V2.
Refreshing native plugins compatible for Editor in 209.57 ms, found 0 plugins.
Preloading 0 native plugins for Editor in 0.00 ms.
Initialize engine version: 2020.3.4f1 (0abb6314276a)
[Subsystems] Discovering subsystems at path D:/Unity/2020.3.4f1/Editor/Data/Resources/UnitySubsystems
[Subsystems] Discovering subsystems at path D:/UnityProjects/NewProject/Perfomans/Assets
GfxDevice: creating device client; threaded=0
Direct3D:
    Version:  Direct3D 11.0 [level 11.1]
    Renderer: AMD Radeon(TM) Vega 8 Graphics (ID=0x15d8)
    Vendor:   
    VRAM:     3551 MB
    Driver:   26.20.11030.22001
Initialize mono
Mono path[0] = 'D:/Unity/2020.3.4f1/Editor/Data/Managed'
Mono path[1] = 'D:/Unity/2020.3.4f1/Editor/Data/MonoBleedingEdge/lib/mono/unityjit'
Mono config path = 'D:/Unity/2020.3.4f1/Editor/Data/MonoBleedingEdge/etc'
Using monoOptions --debugger-agent=transport=dt_socket,embedding=1,server=y,suspend=n,address=127.0.0.1:56916
Begin MonoManager ReloadAssembly
Registering precompiled unity dll's ...
Register platform support module: D:/Unity/2020.3.4f1/Editor/Data/PlaybackEngines/WindowsStandaloneSupport/UnityEditor.WindowsStandalone.Extensions.dll
Registered in 0.003333 seconds.
Native extension for WindowsStandalone target not found
Refreshing native plugins compatible for Editor in 165.45 ms, found 0 plugins.
Preloading 0 native plugins for Editor in 0.00 ms.
Mono: successfully reloaded assembly
- Completed reload, in  3.391 seconds
Platform modules already initialized, skipping
Registering precompiled user dll's ...
Registered in 0.002487 seconds.
Begin MonoManager ReloadAssembly
Native extension for WindowsStandalone target not found
Refreshing native plugins compatible for Editor in 2.46 ms, found 0 plugins.
Preloading 0 native plugins for Editor in 0.00 ms.
Mono: successfully reloaded assembly
- Completed reload, in  1.806 seconds
Platform modules already initialized, skipping
========================================================================
Worker process is ready to serve import requests
Launched and connected shader compiler UnityShaderCompiler.exe after 0.18 seconds
Refreshing native plugins compatible for Editor in 1.80 ms, found 0 plugins.
Preloading 0 native plugins for Editor in 0.00 ms.
Unloading 1305 Unused Serialized files (Serialized files now loaded: 0)
System memory in use before: 91.4 MB.
System memory in use after: 91.4 MB.

Unloading 10 unused Assets to reduce memory usage. Loaded Objects now: 1763.
Total: 3.772200 ms (FindLiveObjects: 0.370400 ms CreateObjectMapping: 0.102600 ms MarkObjects: 3.136600 ms  DeleteObjects: 0.159400 ms)

========================================================================
Received Import Request.
  path: Assets/Prefabs/MagicTree.prefab
  artifactKey: Guid(72b0d19d9a3a73e40ae1f12fe2b0f49f) Importer(815301076,1909f56bfc062723c751e8b465ee728b)
Start importing Assets/Prefabs/MagicTree.prefab using Guid(72b0d19d9a3a73e40ae1f12fe2b0f49f) Importer(815301076,1909f56bfc062723c751e8b465ee728b)  -> (artifact id: 'b19fbf27a50aa20094dce22d959c5130') in 0.165402 seconds
  Import took 0.174227 seconds .

========================================================================
Received Import Request.
  Time since last request: 0.000577 seconds.
  path: Assets/Prefabs/LightOnLeg.prefab
  artifactKey: Guid(2867c294bed9e4743b9f174a96565476) Importer(815301076,1909f56bfc062723c751e8b465ee728b)
Start importing Assets/Prefabs/LightOnLeg.prefab using Guid(2867c294bed9e4743b9f174a96565476) Importer(815301076,1909f56bfc062723c751e8b465ee728b)  -> (artifact id: 'ac35434dd799bd311081e43c30f2e440') in 0.194782 seconds
  Import took 0.238875 seconds .

========================================================================
Received Import Request.
  Time since last request: 28.448175 seconds.
  path: Assets/Prefabs/MagicTree.prefab
  artifactKey: Guid(72b0d19d9a3a73e40ae1f12fe2b0f49f) Importer(815301076,1909f56bfc062723c751e8b465ee728b)
Start importing Assets/Prefabs/MagicTree.prefab using Guid(72b0d19d9a3a73e40ae1f12fe2b0f49f) Importer(815301076,1909f56bfc062723c751e8b465ee728b)  -> (artifact id: '15b84a0833cb7d64f8dd87e7f7ad61e2') in 0.014094 seconds
  Import took 0.057424 seconds .

========================================================================
Received Import Request.
  Time since last request: 10.767151 seconds.
  path: Assets/Prefabs/MagicTree.prefab
  artifactKey: Guid(72b0d19d9a3a73e40ae1f12fe2b0f49f) Importer(815301076,1909f56bfc062723c751e8b465ee728b)
Start importing Assets/Prefabs/MagicTree.prefab using Guid(72b0d19d9a3a73e40ae1f12fe2b0f49f) Importer(815301076,1909f56bfc062723c751e8b465ee728b)  -> (artifact id: 'bf09aa3130fec1766fcbbdd85eb31c10') in 0.013153 seconds
  Import took 0.055399 seconds .

========================================================================
Received Import Request.
  Time since last request: 46.160073 seconds.
  path: Assets/Prefabs/MagicTree.prefab
  artifactKey: Guid(72b0d19d9a3a73e40ae1f12fe2b0f49f) Importer(815301076,1909f56bfc062723c751e8b465ee728b)
Start importing Assets/Prefabs/MagicTree.prefab using Guid(72b0d19d9a3a73e40ae1f12fe2b0f49f) Importer(815301076,1909f56bfc062723c751e8b465ee728b)  -> (artifact id: '23df5336c0cf8976e62b43677cbea30d') in 0.009341 seconds
  Import took 0.050173 seconds .

========================================================================
Received Import Request.
  Time since last request: 20.719590 seconds.
  path: Assets/Prefabs/MagicTree.prefab
  artifactKey: Guid(72b0d19d9a3a73e40ae1f12fe2b0f49f) Importer(815301076,1909f56bfc062723c751e8b465ee728b)
Start importing Assets/Prefabs/MagicTree.prefab using Guid(72b0d19d9a3a73e40ae1f12fe2b0f49f) Importer(815301076,1909f56bfc062723c751e8b465ee728b)  -> (artifact id: '64fe407bd915255d03917361c8d7d997') in 0.009821 seconds
  Import took 0.054299 seconds .

========================================================================
Received Import Request.
  Time since last request: 5.468102 seconds.
  path: Assets/Prefabs/MagicTree.prefab
  artifactKey: Guid(72b0d19d9a3a73e40ae1f12fe2b0f49f) Importer(815301076,1909f56bfc062723c751e8b465ee728b)
Start importing Assets/Prefabs/MagicTree.prefab using Guid(72b0d19d9a3a73e40ae1f12fe2b0f49f) Importer(815301076,1909f56bfc062723c751e8b465ee728b)  -> (artifact id: 'db100ac360324c586b6eb8e0aaeb8cbd') in 0.011371 seconds
  Import took 0.020438 seconds .

========================================================================
Received Import Request.
  Time since last request: 14.318276 seconds.
  path: Assets/Prefabs/MagicTree.prefab
  artifactKey: Guid(72b0d19d9a3a73e40ae1f12fe2b0f49f) Importer(815301076,1909f56bfc062723c751e8b465ee728b)
Start importing Assets/Prefabs/MagicTree.prefab using Guid(72b0d19d9a3a73e40ae1f12fe2b0f49f) Importer(815301076,1909f56bfc062723c751e8b465ee728b)  -> (artifact id: '1465bbb7e3dac36e0446309a983b25f1') in 0.009676 seconds
  Import took 0.017943 seconds .

========================================================================
Received Import Request.
  Time since last request: 7.073545 seconds.
  path: Assets/Prefabs/MagicTree.prefab
  artifactKey: Guid(72b0d19d9a3a73e40ae1f12fe2b0f49f) Importer(815301076,1909f56bfc062723c751e8b465ee728b)
Start importing Assets/Prefabs/MagicTree.prefab using Guid(72b0d19d9a3a73e40ae1f12fe2b0f49f) Importer(815301076,1909f56bfc062723c751e8b465ee728b)  -> (artifact id: '2d56feeb2adb22e43a531b1bf595c511') in 0.011617 seconds
  Import took 0.056010 seconds .

========================================================================
Received Import Request.
  Time since last request: 6.972420 seconds.
  path: Assets/Prefabs/MagicTree.prefab
  artifactKey: Guid(72b0d19d9a3a73e40ae1f12fe2b0f49f) Importer(815301076,1909f56bfc062723c751e8b465ee728b)
Start importing Assets/Prefabs/MagicTree.prefab using Guid(72b0d19d9a3a73e40ae1f12fe2b0f49f) Importer(815301076,1909f56bfc062723c751e8b465ee728b)  -> (artifact id: '9e6e67f51ac8902d5cf12bb67b7b0234') in 0.009254 seconds
  Import took 0.016568 seconds .

========================================================================
Received Import Request.
  Time since last request: 22.253146 seconds.
  path: Assets/Prefabs/MagicTree.prefab
  artifactKey: Guid(72b0d19d9a3a73e40ae1f12fe2b0f49f) Importer(815301076,1909f56bfc062723c751e8b465ee728b)
Start importing Assets/Prefabs/MagicTree.prefab using Guid(72b0d19d9a3a73e40ae1f12fe2b0f49f) Importer(815301076,1909f56bfc062723c751e8b465ee728b)  -> (artifact id: '139a8bda8ab490b5daf3c7a0c4420959') in 0.010655 seconds
  Import took 0.052016 seconds .

========================================================================
Received Import Request.
  Time since last request: 9.152978 seconds.
  path: Assets/Prefabs/MagicTree.prefab
  artifactKey: Guid(72b0d19d9a3a73e40ae1f12fe2b0f49f) Importer(815301076,1909f56bfc062723c751e8b465ee728b)
Start importing Assets/Prefabs/MagicTree.prefab using Guid(72b0d19d9a3a73e40ae1f12fe2b0f49f) Importer(815301076,1909f56bfc062723c751e8b465ee728b)  -> (artifact id: 'bdf7d08c1432b163abe4ca134a81d34c') in 0.012509 seconds
  Import took 0.058186 seconds .

========================================================================
Received Import Request.
  Time since last request: 4.735102 seconds.
  path: Assets/Prefabs/MagicTree.prefab
  artifactKey: Guid(72b0d19d9a3a73e40ae1f12fe2b0f49f) Importer(815301076,1909f56bfc062723c751e8b465ee728b)
Start importing Assets/Prefabs/MagicTree.prefab using Guid(72b0d19d9a3a73e40ae1f12fe2b0f49f) Importer(815301076,1909f56bfc062723c751e8b465ee728b)  -> (artifact id: 'f4026f106ded876cee476bb7c24a69b8') in 0.010054 seconds
  Import took 0.056421 seconds .

========================================================================
Received Import Request.
  Time since last request: 7.262329 seconds.
  path: Assets/Prefabs/MagicTree.prefab
  artifactKey: Guid(72b0d19d9a3a73e40ae1f12fe2b0f49f) Importer(815301076,1909f56bfc062723c751e8b465ee728b)
Start importing Assets/Prefabs/MagicTree.prefab using Guid(72b0d19d9a3a73e40ae1f12fe2b0f49f) Importer(815301076,1909f56bfc062723c751e8b465ee728b)  -> (artifact id: '31bef24b1d46173caba28575e1514042') in 0.013446 seconds
  Import took 0.024348 seconds .

========================================================================
Received Import Request.
  Time since last request: 8.067492 seconds.
  path: Assets/Prefabs/MagicTree.prefab
  artifactKey: Guid(72b0d19d9a3a73e40ae1f12fe2b0f49f) Importer(815301076,1909f56bfc062723c751e8b465ee728b)
Start importing Assets/Prefabs/MagicTree.prefab using Guid(72b0d19d9a3a73e40ae1f12fe2b0f49f) Importer(815301076,1909f56bfc062723c751e8b465ee728b)  -> (artifact id: '6c96c5ed3e566e520f4570c2b5ffe2af') in 0.009828 seconds
  Import took 0.052948 seconds .

========================================================================
Received Import Request.
  Time since last request: 3.328069 seconds.
  path: Assets/Prefabs/MagicTree.prefab
  artifactKey: Guid(72b0d19d9a3a73e40ae1f12fe2b0f49f) Importer(815301076,1909f56bfc062723c751e8b465ee728b)
Start importing Assets/Prefabs/MagicTree.prefab using Guid(72b0d19d9a3a73e40ae1f12fe2b0f49f) Importer(815301076,1909f56bfc062723c751e8b465ee728b)  -> (artifact id: '9b7b7b347354ed2d92f7f0a61a1f82af') in 0.011853 seconds
  Import took 0.054590 seconds .

========================================================================
Received Import Request.
  Time since last request: 6.633265 seconds.
  path: Assets/Prefabs/MagicTree.prefab
  artifactKey: Guid(72b0d19d9a3a73e40ae1f12fe2b0f49f) Importer(815301076,1909f56bfc062723c751e8b465ee728b)
Start importing Assets/Prefabs/MagicTree.prefab using Guid(72b0d19d9a3a73e40ae1f12fe2b0f49f) Importer(815301076,1909f56bfc062723c751e8b465ee728b)  -> (artifact id: '824b34de1b29c118f3abd77766fc9a0b') in 0.009907 seconds
  Import took 0.051854 seconds .

========================================================================
Received Import Request.
  Time since last request: 3.958951 seconds.
  path: Assets/Prefabs/MagicTree.prefab
  artifactKey: Guid(72b0d19d9a3a73e40ae1f12fe2b0f49f) Importer(815301076,1909f56bfc062723c751e8b465ee728b)
Start importing Assets/Prefabs/MagicTree.prefab using Guid(72b0d19d9a3a73e40ae1f12fe2b0f49f) Importer(815301076,1909f56bfc062723c751e8b465ee728b)  -> (artifact id: '4a813a5111d6ac65cabae51b16d2d601') in 0.013365 seconds
  Import took 0.057698 seconds .

========================================================================
Received Import Request.
  Time since last request: 40.759288 seconds.
  path: Assets/Prefabs/MagicTree.prefab
  artifactKey: Guid(72b0d19d9a3a73e40ae1f12fe2b0f49f) Importer(815301076,1909f56bfc062723c751e8b465ee728b)
Start importing Assets/Prefabs/MagicTree.prefab using Guid(72b0d19d9a3a73e40ae1f12fe2b0f49f) Importer(815301076,1909f56bfc062723c751e8b465ee728b)  -> (artifact id: 'f17a8427ce524c0ac6a7a975b5bb3fd7') in 0.009975 seconds
  Import took 0.019278 seconds .

========================================================================
Received Import Request.
  Time since last request: 6.454588 seconds.
  path: Assets/Prefabs/MagicTree.prefab
  artifactKey: Guid(72b0d19d9a3a73e40ae1f12fe2b0f49f) Importer(815301076,1909f56bfc062723c751e8b465ee728b)
Start importing Assets/Prefabs/MagicTree.prefab using Guid(72b0d19d9a3a73e40ae1f12fe2b0f49f) Importer(815301076,1909f56bfc062723c751e8b465ee728b)  -> (artifact id: 'a45f9d266f79ef8688944a27cbe93935') in 0.011256 seconds
  Import took 0.054498 seconds .

========================================================================
Received Import Request.
  Time since last request: 8.039360 seconds.
  path: Assets/Prefabs/MagicTree.prefab
  artifactKey: Guid(72b0d19d9a3a73e40ae1f12fe2b0f49f) Importer(815301076,1909f56bfc062723c751e8b465ee728b)
Start importing Assets/Prefabs/MagicTree.prefab using Guid(72b0d19d9a3a73e40ae1f12fe2b0f49f) Importer(815301076,1909f56bfc062723c751e8b465ee728b)  -> (artifact id: '3e1a56a127ca360f37c50bd2d7a59f37') in 0.014018 seconds
  Import took 0.056758 seconds .

========================================================================
Received Import Request.
  Time since last request: 2.385171 seconds.
  path: Assets/Prefabs/MagicTree.prefab
  artifactKey: Guid(72b0d19d9a3a73e40ae1f12fe2b0f49f) Importer(815301076,1909f56bfc062723c751e8b465ee728b)
Start importing Assets/Prefabs/MagicTree.prefab using Guid(72b0d19d9a3a73e40ae1f12fe2b0f49f) Importer(815301076,1909f56bfc062723c751e8b465ee728b)  -> (artifact id: '09e23b7cda34b50020277b22561eb15a') in 0.010107 seconds
  Import took 0.051569 seconds .

========================================================================
Received Import Request.
  Time since last request: 8.612723 seconds.
  path: Assets/Prefabs/MagicTree.prefab
  artifactKey: Guid(72b0d19d9a3a73e40ae1f12fe2b0f49f) Importer(815301076,1909f56bfc062723c751e8b465ee728b)
Start importing Assets/Prefabs/MagicTree.prefab using Guid(72b0d19d9a3a73e40ae1f12fe2b0f49f) Importer(815301076,1909f56bfc062723c751e8b465ee728b)  -> (artifact id: '82813ac45a1110a87119765c7af407a7') in 0.011099 seconds
  Import took 0.018471 seconds .

========================================================================
Received Import Request.
  Time since last request: 3.214483 seconds.
  path: Assets/Prefabs/MagicTree.prefab
  artifactKey: Guid(72b0d19d9a3a73e40ae1f12fe2b0f49f) Importer(815301076,1909f56bfc062723c751e8b465ee728b)
Start importing Assets/Prefabs/MagicTree.prefab using Guid(72b0d19d9a3a73e40ae1f12fe2b0f49f) Importer(815301076,1909f56bfc062723c751e8b465ee728b)  -> (artifact id: 'f86bc5ff38e57f966c74f761467368fd') in 0.012183 seconds
  Import took 0.057272 seconds .

========================================================================
Received Import Request.
  Time since last request: 17.656977 seconds.
  path: Assets/Prefabs/MagicTree.prefab
  artifactKey: Guid(72b0d19d9a3a73e40ae1f12fe2b0f49f) Importer(815301076,1909f56bfc062723c751e8b465ee728b)
Start importing Assets/Prefabs/MagicTree.prefab using Guid(72b0d19d9a3a73e40ae1f12fe2b0f49f) Importer(815301076,1909f56bfc062723c751e8b465ee728b)  -> (artifact id: '8c99fa49c8422558259cbe4c0f6c78d3') in 0.010202 seconds
  Import took 0.016637 seconds .

========================================================================
Received Import Request.
  Time since last request: 6.299545 seconds.
  path: Assets/Prefabs/MagicTree.prefab
  artifactKey: Guid(72b0d19d9a3a73e40ae1f12fe2b0f49f) Importer(815301076,1909f56bfc062723c751e8b465ee728b)
Start importing Assets/Prefabs/MagicTree.prefab using Guid(72b0d19d9a3a73e40ae1f12fe2b0f49f) Importer(815301076,1909f56bfc062723c751e8b465ee728b)  -> (artifact id: 'b238a6abcdedb2e2faf82c3c92d5346d') in 0.013540 seconds
  Import took 0.057505 seconds .

========================================================================
Received Import Request.
  Time since last request: 8.846075 seconds.
  path: Assets/Prefabs/MagicTree.prefab
  artifactKey: Guid(72b0d19d9a3a73e40ae1f12fe2b0f49f) Importer(815301076,1909f56bfc062723c751e8b465ee728b)
Start importing Assets/Prefabs/MagicTree.prefab using Guid(72b0d19d9a3a73e40ae1f12fe2b0f49f) Importer(815301076,1909f56bfc062723c751e8b465ee728b)  -> (artifact id: '31bdbb113df1e64dd5c0f43c38ff0efd') in 0.009890 seconds
  Import took 0.016879 seconds .

========================================================================
Received Import Request.
  Time since last request: 5.467406 seconds.
  path: Assets/Prefabs/MagicTree.prefab
  artifactKey: Guid(72b0d19d9a3a73e40ae1f12fe2b0f49f) Importer(815301076,1909f56bfc062723c751e8b465ee728b)
Start importing Assets/Prefabs/MagicTree.prefab using Guid(72b0d19d9a3a73e40ae1f12fe2b0f49f) Importer(815301076,1909f56bfc062723c751e8b465ee728b)  -> (artifact id: 'c9a878a453c96b8066d5553e0d11a05a') in 0.009198 seconds
  Import took 0.016548 seconds .

========================================================================
Received Import Request.
  Time since last request: 9.956189 seconds.
  path: Assets/Prefabs/MagicTree.prefab
  artifactKey: Guid(72b0d19d9a3a73e40ae1f12fe2b0f49f) Importer(815301076,1909f56bfc062723c751e8b465ee728b)
Start importing Assets/Prefabs/MagicTree.prefab using Guid(72b0d19d9a3a73e40ae1f12fe2b0f49f) Importer(815301076,1909f56bfc062723c751e8b465ee728b)  -> (artifact id: '5f0c20726420c4fbfed4fe2a2da76ccf') in 0.010635 seconds
  Import took 0.020184 seconds .

========================================================================
Received Import Request.
  Time since last request: 9.668038 seconds.
  path: Assets/Prefabs/MagicTree.prefab
  artifactKey: Guid(72b0d19d9a3a73e40ae1f12fe2b0f49f) Importer(815301076,1909f56bfc062723c751e8b465ee728b)
Start importing Assets/Prefabs/MagicTree.prefab using Guid(72b0d19d9a3a73e40ae1f12fe2b0f49f) Importer(815301076,1909f56bfc062723c751e8b465ee728b)  -> (artifact id: '1898a268cf6dffe38de3c09ce27c1444') in 0.010617 seconds
  Import took 0.018200 seconds .

========================================================================
Received Import Request.
  Time since last request: 17.642687 seconds.
  path: Assets/Prefabs/MagicTree.prefab
  artifactKey: Guid(72b0d19d9a3a73e40ae1f12fe2b0f49f) Importer(815301076,1909f56bfc062723c751e8b465ee728b)
Start importing Assets/Prefabs/MagicTree.prefab using Guid(72b0d19d9a3a73e40ae1f12fe2b0f49f) Importer(815301076,1909f56bfc062723c751e8b465ee728b)  -> (artifact id: 'b2cb9feb7013d9e34ff8ec75ced732f4') in 0.010326 seconds
  Import took 0.054495 seconds .

========================================================================
Received Import Request.
  Time since last request: 17.435701 seconds.
  path: Assets/Prefabs/MagicTree.prefab
  artifactKey: Guid(72b0d19d9a3a73e40ae1f12fe2b0f49f) Importer(815301076,1909f56bfc062723c751e8b465ee728b)
Start importing Assets/Prefabs/MagicTree.prefab using Guid(72b0d19d9a3a73e40ae1f12fe2b0f49f) Importer(815301076,1909f56bfc062723c751e8b465ee728b)  -> (artifact id: '46d5f21ce444ad4b6f07d9cb5093dd49') in 0.011685 seconds
  Import took 0.056559 seconds .

========================================================================
Received Import Request.
  Time since last request: 3.011694 seconds.
  path: Assets/Prefabs/MagicTree.prefab
  artifactKey: Guid(72b0d19d9a3a73e40ae1f12fe2b0f49f) Importer(815301076,1909f56bfc062723c751e8b465ee728b)
Start importing Assets/Prefabs/MagicTree.prefab using Guid(72b0d19d9a3a73e40ae1f12fe2b0f49f) Importer(815301076,1909f56bfc062723c751e8b465ee728b)  -> (artifact id: 'f3171f0f770b165c66b74e7453ead9fe') in 0.009217 seconds
  Import took 0.018242 seconds .

========================================================================
Received Import Request.
  Time since last request: 3.842284 seconds.
  path: Assets/Prefabs/MagicTree.prefab
  artifactKey: Guid(72b0d19d9a3a73e40ae1f12fe2b0f49f) Importer(815301076,1909f56bfc062723c751e8b465ee728b)
Start importing Assets/Prefabs/MagicTree.prefab using Guid(72b0d19d9a3a73e40ae1f12fe2b0f49f) Importer(815301076,1909f56bfc062723c751e8b465ee728b)  -> (artifact id: '4ccef0147ed65c163f02dacf04891466') in 0.013927 seconds
  Import took 0.022763 seconds .

========================================================================
Received Import Request.
  Time since last request: 3.924308 seconds.
  path: Assets/Prefabs/MagicTree.prefab
  artifactKey: Guid(72b0d19d9a3a73e40ae1f12fe2b0f49f) Importer(815301076,1909f56bfc062723c751e8b465ee728b)
Start importing Assets/Prefabs/MagicTree.prefab using Guid(72b0d19d9a3a73e40ae1f12fe2b0f49f) Importer(815301076,1909f56bfc062723c751e8b465ee728b)  -> (artifact id: '3b46eb062a6b202f95d8282489c614dc') in 0.009567 seconds
  Import took 0.055452 seconds .

========================================================================
Received Import Request.
  Time since last request: 10.608056 seconds.
  path: Assets/Prefabs/MagicTree.prefab
  artifactKey: Guid(72b0d19d9a3a73e40ae1f12fe2b0f49f) Importer(815301076,1909f56bfc062723c751e8b465ee728b)
Start importing Assets/Prefabs/MagicTree.prefab using Guid(72b0d19d9a3a73e40ae1f12fe2b0f49f) Importer(815301076,1909f56bfc062723c751e8b465ee728b)  -> (artifact id: 'b52de93fb941830ddfebf8aead59b160') in 0.009591 seconds
  Import took 0.017923 seconds .

========================================================================
Received Import Request.
  Time since last request: 52.526969 seconds.
  path: Assets/Prefabs/MagicTree.prefab
  artifactKey: Guid(72b0d19d9a3a73e40ae1f12fe2b0f49f) Importer(815301076,1909f56bfc062723c751e8b465ee728b)
Start importing Assets/Prefabs/MagicTree.prefab using Guid(72b0d19d9a3a73e40ae1f12fe2b0f49f) Importer(815301076,1909f56bfc062723c751e8b465ee728b)  -> (artifact id: '3e56c69291764ccfd2f089201c0f5e11') in 0.012843 seconds
  Import took 0.020765 seconds .

========================================================================
Received Import Request.
  Time since last request: 16.870444 seconds.
  path: Assets/Prefabs/MagicTree.prefab
  artifactKey: Guid(72b0d19d9a3a73e40ae1f12fe2b0f49f) Importer(815301076,1909f56bfc062723c751e8b465ee728b)
Start importing Assets/Prefabs/MagicTree.prefab using Guid(72b0d19d9a3a73e40ae1f12fe2b0f49f) Importer(815301076,1909f56bfc062723c751e8b465ee728b)  -> (artifact id: '106c637bb8dfd5b02c5927491815fd51') in 0.012189 seconds
  Import took 0.021054 seconds .

========================================================================
Received Import Request.
  Time since last request: 9.846938 seconds.
  path: Assets/Prefabs/MagicTree.prefab
  artifactKey: Guid(72b0d19d9a3a73e40ae1f12fe2b0f49f) Importer(815301076,1909f56bfc062723c751e8b465ee728b)
Start importing Assets/Prefabs/MagicTree.prefab using Guid(72b0d19d9a3a73e40ae1f12fe2b0f49f) Importer(815301076,1909f56bfc062723c751e8b465ee728b)  -> (artifact id: '1703e343c1259352c88414ea7e430bb6') in 0.012915 seconds
  Import took 0.055946 seconds .

========================================================================
Received Import Request.
  Time since last request: 12.118632 seconds.
  path: Assets/Prefabs/MagicTree.prefab
  artifactKey: Guid(72b0d19d9a3a73e40ae1f12fe2b0f49f) Importer(815301076,1909f56bfc062723c751e8b465ee728b)
Start importing Assets/Prefabs/MagicTree.prefab using Guid(72b0d19d9a3a73e40ae1f12fe2b0f49f) Importer(815301076,1909f56bfc062723c751e8b465ee728b)  -> (artifact id: '16b3f5c73f257add4da773d47cc1cd87') in 0.014987 seconds
  Import took 0.023421 seconds .

========================================================================
Received Import Request.
  Time since last request: 5.559748 seconds.
  path: Assets/Prefabs/MagicTree.prefab
  artifactKey: Guid(72b0d19d9a3a73e40ae1f12fe2b0f49f) Importer(815301076,1909f56bfc062723c751e8b465ee728b)
Start importing Assets/Prefabs/MagicTree.prefab using Guid(72b0d19d9a3a73e40ae1f12fe2b0f49f) Importer(815301076,1909f56bfc062723c751e8b465ee728b)  -> (artifact id: 'af6f285b1edd4c99ce2562a8cf344df4') in 0.010967 seconds
  Import took 0.019258 seconds .

========================================================================
Received Import Request.
  Time since last request: 11.512736 seconds.
  path: Assets/Prefabs/MagicTree.prefab
  artifactKey: Guid(72b0d19d9a3a73e40ae1f12fe2b0f49f) Importer(815301076,1909f56bfc062723c751e8b465ee728b)
Start importing Assets/Prefabs/MagicTree.prefab using Guid(72b0d19d9a3a73e40ae1f12fe2b0f49f) Importer(815301076,1909f56bfc062723c751e8b465ee728b)  -> (artifact id: '97276a3539526c472a821b13a16b9a2f') in 0.012423 seconds
  Import took 0.055304 seconds .

========================================================================
Received Import Request.
  Time since last request: 1.561492 seconds.
  path: Assets/Prefabs/MagicTree.prefab
  artifactKey: Guid(72b0d19d9a3a73e40ae1f12fe2b0f49f) Importer(815301076,1909f56bfc062723c751e8b465ee728b)
Start importing Assets/Prefabs/MagicTree.prefab using Guid(72b0d19d9a3a73e40ae1f12fe2b0f49f) Importer(815301076,1909f56bfc062723c751e8b465ee728b)  -> (artifact id: 'b223ebcb38ca4859a486290b5e82812a') in 0.011265 seconds
  Import took 0.018395 seconds .

========================================================================
Received Import Request.
  Time since last request: 38.763896 seconds.
  path: Assets/Prefabs/MagicTree.prefab
  artifactKey: Guid(72b0d19d9a3a73e40ae1f12fe2b0f49f) Importer(815301076,1909f56bfc062723c751e8b465ee728b)
Start importing Assets/Prefabs/MagicTree.prefab using Guid(72b0d19d9a3a73e40ae1f12fe2b0f49f) Importer(815301076,1909f56bfc062723c751e8b465ee728b)  -> (artifact id: '4922709cceda5118dc90a4ebc04b847c') in 0.010859 seconds
  Import took 0.052640 seconds .

========================================================================
Received Import Request.
  Time since last request: 7.903121 seconds.
  path: Assets/Prefabs/MagicTree.prefab
  artifactKey: Guid(72b0d19d9a3a73e40ae1f12fe2b0f49f) Importer(815301076,1909f56bfc062723c751e8b465ee728b)
Start importing Assets/Prefabs/MagicTree.prefab using Guid(72b0d19d9a3a73e40ae1f12fe2b0f49f) Importer(815301076,1909f56bfc062723c751e8b465ee728b)  -> (artifact id: 'd7a87ba43de7ee2cc0425b782a8ed834') in 0.011810 seconds
  Import took 0.019074 seconds .

========================================================================
Received Import Request.
  Time since last request: 22.039642 seconds.
  path: Assets/Prefabs/MagicTree.prefab
  artifactKey: Guid(72b0d19d9a3a73e40ae1f12fe2b0f49f) Importer(815301076,1909f56bfc062723c751e8b465ee728b)
Start importing Assets/Prefabs/MagicTree.prefab using Guid(72b0d19d9a3a73e40ae1f12fe2b0f49f) Importer(815301076,1909f56bfc062723c751e8b465ee728b)  -> (artifact id: '3235870123043761826883ed11c67f43') in 0.010360 seconds
  Import took 0.054624 seconds .

========================================================================
Received Import Request.
  Time since last request: 9.084809 seconds.
  path: Assets/Prefabs/MagicTree.prefab
  artifactKey: Guid(72b0d19d9a3a73e40ae1f12fe2b0f49f) Importer(815301076,1909f56bfc062723c751e8b465ee728b)
Start importing Assets/Prefabs/MagicTree.prefab using Guid(72b0d19d9a3a73e40ae1f12fe2b0f49f) Importer(815301076,1909f56bfc062723c751e8b465ee728b)  -> (artifact id: '91d4cdf2ec74884f8f899e4a274dcfe8') in 0.014575 seconds
  Import took 0.022509 seconds .

========================================================================
Received Import Request.
  Time since last request: 27.274590 seconds.
  path: Assets/Prefabs/MagicTree.prefab
  artifactKey: Guid(72b0d19d9a3a73e40ae1f12fe2b0f49f) Importer(815301076,1909f56bfc062723c751e8b465ee728b)
Start importing Assets/Prefabs/MagicTree.prefab using Guid(72b0d19d9a3a73e40ae1f12fe2b0f49f) Importer(815301076,1909f56bfc062723c751e8b465ee728b)  -> (artifact id: '2b520bbb935d2c3e972f0c6b96b7ef81') in 0.009554 seconds
  Import took 0.051316 seconds .

========================================================================
Received Import Request.
  Time since last request: 5.510793 seconds.
  path: Assets/Prefabs/MagicTree.prefab
  artifactKey: Guid(72b0d19d9a3a73e40ae1f12fe2b0f49f) Importer(815301076,1909f56bfc062723c751e8b465ee728b)
Start importing Assets/Prefabs/MagicTree.prefab using Guid(72b0d19d9a3a73e40ae1f12fe2b0f49f) Importer(815301076,1909f56bfc062723c751e8b465ee728b)  -> (artifact id: '608535b983c949674d4ac9f6aed30754') in 0.010256 seconds
  Import took 0.054895 seconds .

========================================================================
Received Import Request.
  Time since last request: 16.773360 seconds.
  path: Assets/Prefabs/MagicTree.prefab
  artifactKey: Guid(72b0d19d9a3a73e40ae1f12fe2b0f49f) Importer(815301076,1909f56bfc062723c751e8b465ee728b)
Start importing Assets/Prefabs/MagicTree.prefab using Guid(72b0d19d9a3a73e40ae1f12fe2b0f49f) Importer(815301076,1909f56bfc062723c751e8b465ee728b)  -> (artifact id: 'e74c3b2e742c7111e54983dc3f3c2a60') in 0.011378 seconds
  Import took 0.054604 seconds .

========================================================================
Received Import Request.
  Time since last request: 13.616854 seconds.
  path: Assets/Prefabs/MagicTree.prefab
  artifactKey: Guid(72b0d19d9a3a73e40ae1f12fe2b0f49f) Importer(815301076,1909f56bfc062723c751e8b465ee728b)
Start importing Assets/Prefabs/MagicTree.prefab using Guid(72b0d19d9a3a73e40ae1f12fe2b0f49f) Importer(815301076,1909f56bfc062723c751e8b465ee728b)  -> (artifact id: '22d41d3a78d8ad0709be699120843581') in 0.009747 seconds
  Import took 0.052585 seconds .

========================================================================
Received Import Request.
  Time since last request: 4.603782 seconds.
  path: Assets/Prefabs/MagicTree.prefab
  artifactKey: Guid(72b0d19d9a3a73e40ae1f12fe2b0f49f) Importer(815301076,1909f56bfc062723c751e8b465ee728b)
Start importing Assets/Prefabs/MagicTree.prefab using Guid(72b0d19d9a3a73e40ae1f12fe2b0f49f) Importer(815301076,1909f56bfc062723c751e8b465ee728b)  -> (artifact id: 'e4123edbc952ab80de3d9e05f285bcf2') in 0.009428 seconds
  Import took 0.053743 seconds .

========================================================================
Received Import Request.
  Time since last request: 8.087945 seconds.
  path: Assets/Prefabs/MagicTree.prefab
  artifactKey: Guid(72b0d19d9a3a73e40ae1f12fe2b0f49f) Importer(815301076,1909f56bfc062723c751e8b465ee728b)
Start importing Assets/Prefabs/MagicTree.prefab using Guid(72b0d19d9a3a73e40ae1f12fe2b0f49f) Importer(815301076,1909f56bfc062723c751e8b465ee728b)  -> (artifact id: 'd66952826978cba4272504af971818ef') in 0.011773 seconds
  Import took 0.019636 seconds .

========================================================================
Received Import Request.
  Time since last request: 27.296443 seconds.
  path: Assets/Prefabs/MagicTree.prefab
  artifactKey: Guid(72b0d19d9a3a73e40ae1f12fe2b0f49f) Importer(815301076,1909f56bfc062723c751e8b465ee728b)
Start importing Assets/Prefabs/MagicTree.prefab using Guid(72b0d19d9a3a73e40ae1f12fe2b0f49f) Importer(815301076,1909f56bfc062723c751e8b465ee728b)  -> (artifact id: '0fb18bd5df537125b3bfde8b8e59e11d') in 0.009082 seconds
  Import took 0.052119 seconds .

========================================================================
Received Import Request.
  Time since last request: 17.618765 seconds.
  path: Assets/Prefabs/MagicTree.prefab
  artifactKey: Guid(72b0d19d9a3a73e40ae1f12fe2b0f49f) Importer(815301076,1909f56bfc062723c751e8b465ee728b)
Start importing Assets/Prefabs/MagicTree.prefab using Guid(72b0d19d9a3a73e40ae1f12fe2b0f49f) Importer(815301076,1909f56bfc062723c751e8b465ee728b)  -> (artifact id: '8f4824b27cbdb56b94083d62bd836e59') in 0.006398 seconds
  Import took 0.012265 seconds .

========================================================================
Received Import Request.
  Time since last request: 10.728025 seconds.
  path: Assets/Prefabs/MagicTree.prefab
  artifactKey: Guid(72b0d19d9a3a73e40ae1f12fe2b0f49f) Importer(815301076,1909f56bfc062723c751e8b465ee728b)
Start importing Assets/Prefabs/MagicTree.prefab using Guid(72b0d19d9a3a73e40ae1f12fe2b0f49f) Importer(815301076,1909f56bfc062723c751e8b465ee728b)  -> (artifact id: 'd800dc7aeb379e72baaeecc78897f17a') in 0.008402 seconds
  Import took 0.050627 seconds .

========================================================================
Received Import Request.
  Time since last request: 28.544439 seconds.
  path: Assets/Prefabs/MagicTree.prefab
  artifactKey: Guid(72b0d19d9a3a73e40ae1f12fe2b0f49f) Importer(815301076,1909f56bfc062723c751e8b465ee728b)
Start importing Assets/Prefabs/MagicTree.prefab using Guid(72b0d19d9a3a73e40ae1f12fe2b0f49f) Importer(815301076,1909f56bfc062723c751e8b465ee728b)  -> (artifact id: '6f188f00cb682e9bd64fbcf50978e042') in 0.033538 seconds
  Import took 0.085725 seconds .

========================================================================
Received Import Request.
  Time since last request: 23.345095 seconds.
  path: Assets/Prefabs/MagicTree.prefab
  artifactKey: Guid(72b0d19d9a3a73e40ae1f12fe2b0f49f) Importer(815301076,1909f56bfc062723c751e8b465ee728b)
Start importing Assets/Prefabs/MagicTree.prefab using Guid(72b0d19d9a3a73e40ae1f12fe2b0f49f) Importer(815301076,1909f56bfc062723c751e8b465ee728b)  -> (artifact id: '0d6b01e8a4142f0f58f3fde4bca91287') in 0.009960 seconds
  Import took 0.017987 seconds .

========================================================================
Received Import Request.
  Time since last request: 8.463045 seconds.
  path: Assets/Prefabs/MagicTree.prefab
  artifactKey: Guid(72b0d19d9a3a73e40ae1f12fe2b0f49f) Importer(815301076,1909f56bfc062723c751e8b465ee728b)
Start importing Assets/Prefabs/MagicTree.prefab using Guid(72b0d19d9a3a73e40ae1f12fe2b0f49f) Importer(815301076,1909f56bfc062723c751e8b465ee728b)  -> (artifact id: 'fcb388ba8bb6ca98f155a98fe34e64f3') in 0.009732 seconds
  Import took 0.017725 seconds .

========================================================================
Received Import Request.
  Time since last request: 0.267570 seconds.
  path: Assets/Prefabs/MagicTree.prefab
  artifactKey: Guid(72b0d19d9a3a73e40ae1f12fe2b0f49f) Importer(815301076,1909f56bfc062723c751e8b465ee728b)
Start importing Assets/Prefabs/MagicTree.prefab using Guid(72b0d19d9a3a73e40ae1f12fe2b0f49f) Importer(815301076,1909f56bfc062723c751e8b465ee728b)  -> (artifact id: '4f2b3172564bd651fc59540bf112ef14') in 0.008952 seconds
  Import took 0.016461 seconds .

========================================================================
Received Import Request.
  Time since last request: 5.176306 seconds.
  path: Assets/Prefabs/MagicTree.prefab
  artifactKey: Guid(72b0d19d9a3a73e40ae1f12fe2b0f49f) Importer(815301076,1909f56bfc062723c751e8b465ee728b)
Start importing Assets/Prefabs/MagicTree.prefab using Guid(72b0d19d9a3a73e40ae1f12fe2b0f49f) Importer(815301076,1909f56bfc062723c751e8b465ee728b)  -> (artifact id: '7fac461552a7ed0bbea09acdd1f58bd7') in 0.013798 seconds
  Import took 0.025662 seconds .

========================================================================
Received Import Request.
  Time since last request: 11.616295 seconds.
  path: Assets/Prefabs/MagicTree.prefab
  artifactKey: Guid(72b0d19d9a3a73e40ae1f12fe2b0f49f) Importer(815301076,1909f56bfc062723c751e8b465ee728b)
Start importing Assets/Prefabs/MagicTree.prefab using Guid(72b0d19d9a3a73e40ae1f12fe2b0f49f) Importer(815301076,1909f56bfc062723c751e8b465ee728b)  -> (artifact id: '3df222db7d4a6a295e6e5f084244be42') in 0.010910 seconds
  Import took 0.018586 seconds .

========================================================================
Received Import Request.
  Time since last request: 38.169412 seconds.
  path: Assets/Prefabs/MagicTree.prefab
  artifactKey: Guid(72b0d19d9a3a73e40ae1f12fe2b0f49f) Importer(815301076,1909f56bfc062723c751e8b465ee728b)
Start importing Assets/Prefabs/MagicTree.prefab using Guid(72b0d19d9a3a73e40ae1f12fe2b0f49f) Importer(815301076,1909f56bfc062723c751e8b465ee728b)  -> (artifact id: '4b29a780efbc678765864436e33b357d') in 0.009880 seconds
  Import took 0.019814 seconds .

========================================================================
Received Import Request.
  Time since last request: 25.714882 seconds.
  path: Assets/Prefabs/MagicTree.prefab
  artifactKey: Guid(72b0d19d9a3a73e40ae1f12fe2b0f49f) Importer(815301076,1909f56bfc062723c751e8b465ee728b)
Start importing Assets/Prefabs/MagicTree.prefab using Guid(72b0d19d9a3a73e40ae1f12fe2b0f49f) Importer(815301076,1909f56bfc062723c751e8b465ee728b)  -> (artifact id: '55063efda0e899e77154387b4936c6cb') in 0.011229 seconds
  Import took 0.017400 seconds .

========================================================================
Received Import Request.
  Time since last request: 0.919170 seconds.
  path: Assets/Prefabs/MagicTree.prefab
  artifactKey: Guid(72b0d19d9a3a73e40ae1f12fe2b0f49f) Importer(815301076,1909f56bfc062723c751e8b465ee728b)
Start importing Assets/Prefabs/MagicTree.prefab using Guid(72b0d19d9a3a73e40ae1f12fe2b0f49f) Importer(815301076,1909f56bfc062723c751e8b465ee728b)  -> (artifact id: 'ae821b379f324787ff82baef4bb88820') in 0.008611 seconds
  Import took 0.014570 seconds .

========================================================================
Received Import Request.
  Time since last request: 4.840765 seconds.
  path: Assets/Prefabs/MagicTree.prefab
  artifactKey: Guid(72b0d19d9a3a73e40ae1f12fe2b0f49f) Importer(815301076,1909f56bfc062723c751e8b465ee728b)
Start importing Assets/Prefabs/MagicTree.prefab using Guid(72b0d19d9a3a73e40ae1f12fe2b0f49f) Importer(815301076,1909f56bfc062723c751e8b465ee728b)  -> (artifact id: 'c7ee62e95ebbd6b23e7a74b86ad04fba') in 0.008381 seconds
  Import took 0.014609 seconds .

========================================================================
Received Import Request.
  Time since last request: 2.444126 seconds.
  path: Assets/Prefabs/MagicTree.prefab
  artifactKey: Guid(72b0d19d9a3a73e40ae1f12fe2b0f49f) Importer(815301076,1909f56bfc062723c751e8b465ee728b)
Start importing Assets/Prefabs/MagicTree.prefab using Guid(72b0d19d9a3a73e40ae1f12fe2b0f49f) Importer(815301076,1909f56bfc062723c751e8b465ee728b)  -> (artifact id: '618e8ba4f113688c931a21d2dbb077f0') in 0.011588 seconds
  Import took 0.016942 seconds .

========================================================================
Received Import Request.
  Time since last request: 15.086398 seconds.
  path: Assets/Prefabs/MagicTree.prefab
  artifactKey: Guid(72b0d19d9a3a73e40ae1f12fe2b0f49f) Importer(815301076,1909f56bfc062723c751e8b465ee728b)
Start importing Assets/Prefabs/MagicTree.prefab using Guid(72b0d19d9a3a73e40ae1f12fe2b0f49f) Importer(815301076,1909f56bfc062723c751e8b465ee728b)  -> (artifact id: 'a67c69bce712b38a3b07134e40063dc5') in 0.010361 seconds
  Import took 0.018150 seconds .

========================================================================
Received Import Request.
  Time since last request: 2.207191 seconds.
  path: Assets/Prefabs/MagicTree.prefab
  artifactKey: Guid(72b0d19d9a3a73e40ae1f12fe2b0f49f) Importer(815301076,1909f56bfc062723c751e8b465ee728b)
Start importing Assets/Prefabs/MagicTree.prefab using Guid(72b0d19d9a3a73e40ae1f12fe2b0f49f) Importer(815301076,1909f56bfc062723c751e8b465ee728b)  -> (artifact id: '725de7bf75d2882f543c81c5c4c95793') in 0.010723 seconds
  Import took 0.017341 seconds .

========================================================================
Received Import Request.
  Time since last request: 3.773281 seconds.
  path: Assets/Prefabs/MagicTree.prefab
  artifactKey: Guid(72b0d19d9a3a73e40ae1f12fe2b0f49f) Importer(815301076,1909f56bfc062723c751e8b465ee728b)
Start importing Assets/Prefabs/MagicTree.prefab using Guid(72b0d19d9a3a73e40ae1f12fe2b0f49f) Importer(815301076,1909f56bfc062723c751e8b465ee728b)  -> (artifact id: 'f55724d0473be3b84bddeb1d9f528ca4') in 0.007896 seconds
  Import took 0.012704 seconds .

========================================================================
Received Import Request.
  Time since last request: 14.471115 seconds.
  path: Assets/Prefabs/MagicTree.prefab
  artifactKey: Guid(72b0d19d9a3a73e40ae1f12fe2b0f49f) Importer(815301076,1909f56bfc062723c751e8b465ee728b)
Start importing Assets/Prefabs/MagicTree.prefab using Guid(72b0d19d9a3a73e40ae1f12fe2b0f49f) Importer(815301076,1909f56bfc062723c751e8b465ee728b)  -> (artifact id: '1115615142f507e0dfca65d582d8ded3') in 0.006091 seconds
  Import took 0.012636 seconds .

========================================================================
Received Import Request.
  Time since last request: 9.992173 seconds.
  path: Assets/Prefabs/MagicTree.prefab
  artifactKey: Guid(72b0d19d9a3a73e40ae1f12fe2b0f49f) Importer(815301076,1909f56bfc062723c751e8b465ee728b)
Start importing Assets/Prefabs/MagicTree.prefab using Guid(72b0d19d9a3a73e40ae1f12fe2b0f49f) Importer(815301076,1909f56bfc062723c751e8b465ee728b)  -> (artifact id: '38dede0116921882a24e4d8f9b671aba') in 0.007273 seconds
  Import took 0.012498 seconds .

========================================================================
Received Import Request.
  Time since last request: 6.893967 seconds.
  path: Assets/Prefabs/MagicTree.prefab
  artifactKey: Guid(72b0d19d9a3a73e40ae1f12fe2b0f49f) Importer(815301076,1909f56bfc062723c751e8b465ee728b)
Start importing Assets/Prefabs/MagicTree.prefab using Guid(72b0d19d9a3a73e40ae1f12fe2b0f49f) Importer(815301076,1909f56bfc062723c751e8b465ee728b)  -> (artifact id: '013dae70102cb03a6f573051a169684d') in 0.010423 seconds
  Import took 0.021023 seconds .

========================================================================
Received Import Request.
  Time since last request: 4.396042 seconds.
  path: Assets/Prefabs/MagicTree.prefab
  artifactKey: Guid(72b0d19d9a3a73e40ae1f12fe2b0f49f) Importer(815301076,1909f56bfc062723c751e8b465ee728b)
Start importing Assets/Prefabs/MagicTree.prefab using Guid(72b0d19d9a3a73e40ae1f12fe2b0f49f) Importer(815301076,1909f56bfc062723c751e8b465ee728b)  -> (artifact id: 'cec089301e2bec765c0c21f6e714bd0a') in 0.010473 seconds
  Import took 0.018291 seconds .

========================================================================
Received Import Request.
  Time since last request: 7.862247 seconds.
  path: Assets/Prefabs/MagicTree.prefab
  artifactKey: Guid(72b0d19d9a3a73e40ae1f12fe2b0f49f) Importer(815301076,1909f56bfc062723c751e8b465ee728b)
Start importing Assets/Prefabs/MagicTree.prefab using Guid(72b0d19d9a3a73e40ae1f12fe2b0f49f) Importer(815301076,1909f56bfc062723c751e8b465ee728b)  -> (artifact id: '9f944bba5a2a3274d0162a34cba77a61') in 0.009497 seconds
  Import took 0.016137 seconds .

========================================================================
Received Import Request.
  Time since last request: 22.523757 seconds.
  path: Assets/Prefabs/MagicTree.prefab
  artifactKey: Guid(72b0d19d9a3a73e40ae1f12fe2b0f49f) Importer(815301076,1909f56bfc062723c751e8b465ee728b)
Start importing Assets/Prefabs/MagicTree.prefab using Guid(72b0d19d9a3a73e40ae1f12fe2b0f49f) Importer(815301076,1909f56bfc062723c751e8b465ee728b)  -> (artifact id: 'd8d3ce04ae849b68696e40fe83f7e076') in 0.010222 seconds
  Import took 0.018349 seconds .

========================================================================
Received Import Request.
  Time since last request: 13.545014 seconds.
  path: Assets/Prefabs/MagicTree.prefab
  artifactKey: Guid(72b0d19d9a3a73e40ae1f12fe2b0f49f) Importer(815301076,1909f56bfc062723c751e8b465ee728b)
Start importing Assets/Prefabs/MagicTree.prefab using Guid(72b0d19d9a3a73e40ae1f12fe2b0f49f) Importer(815301076,1909f56bfc062723c751e8b465ee728b)  -> (artifact id: '4e23949e7d0cb39d0b25f5fca9ca3266') in 0.008075 seconds
  Import took 0.014459 seconds .

========================================================================
Received Import Request.
  Time since last request: 41.722364 seconds.
  path: Assets/Prefabs/MagicTree.prefab
  artifactKey: Guid(72b0d19d9a3a73e40ae1f12fe2b0f49f) Importer(815301076,1909f56bfc062723c751e8b465ee728b)
Start importing Assets/Prefabs/MagicTree.prefab using Guid(72b0d19d9a3a73e40ae1f12fe2b0f49f) Importer(815301076,1909f56bfc062723c751e8b465ee728b)  -> (artifact id: '3ca23cec5cd53d01c5a5643cb3aa94a1') in 0.007437 seconds
  Import took 0.013841 seconds .

========================================================================
Received Import Request.
  Time since last request: 2.697995 seconds.
  path: Assets/Prefabs/MagicTree.prefab
  artifactKey: Guid(72b0d19d9a3a73e40ae1f12fe2b0f49f) Importer(815301076,1909f56bfc062723c751e8b465ee728b)
Start importing Assets/Prefabs/MagicTree.prefab using Guid(72b0d19d9a3a73e40ae1f12fe2b0f49f) Importer(815301076,1909f56bfc062723c751e8b465ee728b)  -> (artifact id: '6bf4ead0ae17143028afa55272e78a19') in 0.009964 seconds
  Import took 0.015602 seconds .

========================================================================
Received Import Request.
  Time since last request: 2.983836 seconds.
  path: Assets/Prefabs/MagicTree.prefab
  artifactKey: Guid(72b0d19d9a3a73e40ae1f12fe2b0f49f) Importer(815301076,1909f56bfc062723c751e8b465ee728b)
Start importing Assets/Prefabs/MagicTree.prefab using Guid(72b0d19d9a3a73e40ae1f12fe2b0f49f) Importer(815301076,1909f56bfc062723c751e8b465ee728b)  -> (artifact id: 'cd25b77d3b783dc646a51e796febdf71') in 0.011903 seconds
  Import took 0.020992 seconds .

========================================================================
Received Import Request.
  Time since last request: 5.848329 seconds.
  path: Assets/Prefabs/MagicTree.prefab
  artifactKey: Guid(72b0d19d9a3a73e40ae1f12fe2b0f49f) Importer(815301076,1909f56bfc062723c751e8b465ee728b)
Start importing Assets/Prefabs/MagicTree.prefab using Guid(72b0d19d9a3a73e40ae1f12fe2b0f49f) Importer(815301076,1909f56bfc062723c751e8b465ee728b)  -> (artifact id: '46f2e426078fa37aac3979e5e65f760b') in 0.010263 seconds
  Import took 0.018404 seconds .

========================================================================
Received Import Request.
  Time since last request: 10.090566 seconds.
  path: Assets/Prefabs/MagicTree.prefab
  artifactKey: Guid(72b0d19d9a3a73e40ae1f12fe2b0f49f) Importer(815301076,1909f56bfc062723c751e8b465ee728b)
Start importing Assets/Prefabs/MagicTree.prefab using Guid(72b0d19d9a3a73e40ae1f12fe2b0f49f) Importer(815301076,1909f56bfc062723c751e8b465ee728b)  -> (artifact id: 'e64cfd12e254afe9422200dfdb091cfb') in 0.008728 seconds
  Import took 0.014004 seconds .

========================================================================
Received Import Request.
  Time since last request: 23.969940 seconds.
  path: Assets/Prefabs/MagicTree.prefab
  artifactKey: Guid(72b0d19d9a3a73e40ae1f12fe2b0f49f) Importer(815301076,1909f56bfc062723c751e8b465ee728b)
Start importing Assets/Prefabs/MagicTree.prefab using Guid(72b0d19d9a3a73e40ae1f12fe2b0f49f) Importer(815301076,1909f56bfc062723c751e8b465ee728b)  -> (artifact id: '69d74504c653bd79d0d545d1fb7499ce') in 0.008711 seconds
  Import took 0.015877 seconds .

========================================================================
Received Import Request.
  Time since last request: 13.362958 seconds.
  path: Assets/Prefabs/MagicTree.prefab
  artifactKey: Guid(72b0d19d9a3a73e40ae1f12fe2b0f49f) Importer(815301076,1909f56bfc062723c751e8b465ee728b)
Start importing Assets/Prefabs/MagicTree.prefab using Guid(72b0d19d9a3a73e40ae1f12fe2b0f49f) Importer(815301076,1909f56bfc062723c751e8b465ee728b)  -> (artifact id: 'd0194e71093b004137afe9a73cd2c4b1') in 0.007415 seconds
  Import took 0.011798 seconds .

========================================================================
Received Import Request.
  Time since last request: 6.302829 seconds.
  path: Assets/Prefabs/MagicTree.prefab
  artifactKey: Guid(72b0d19d9a3a73e40ae1f12fe2b0f49f) Importer(815301076,1909f56bfc062723c751e8b465ee728b)
Start importing Assets/Prefabs/MagicTree.prefab using Guid(72b0d19d9a3a73e40ae1f12fe2b0f49f) Importer(815301076,1909f56bfc062723c751e8b465ee728b)  -> (artifact id: 'e2f836aeb4e4dd40de2893e09482eea0') in 0.009914 seconds
  Import took 0.018049 seconds .

========================================================================
Received Import Request.
  Time since last request: 9.830101 seconds.
  path: Assets/Prefabs/MagicTree.prefab
  artifactKey: Guid(72b0d19d9a3a73e40ae1f12fe2b0f49f) Importer(815301076,1909f56bfc062723c751e8b465ee728b)
Start importing Assets/Prefabs/MagicTree.prefab using Guid(72b0d19d9a3a73e40ae1f12fe2b0f49f) Importer(815301076,1909f56bfc062723c751e8b465ee728b)  -> (artifact id: 'ee7e24489247f6d485f4a19d114eb9ee') in 0.008756 seconds
  Import took 0.014994 seconds .

========================================================================
Received Import Request.
  Time since last request: 19.031290 seconds.
  path: Assets/Prefabs/MagicTree.prefab
  artifactKey: Guid(72b0d19d9a3a73e40ae1f12fe2b0f49f) Importer(815301076,1909f56bfc062723c751e8b465ee728b)
Start importing Assets/Prefabs/MagicTree.prefab using Guid(72b0d19d9a3a73e40ae1f12fe2b0f49f) Importer(815301076,1909f56bfc062723c751e8b465ee728b)  -> (artifact id: '46e6a86b47d4bf3f101dc12fdfe441e4') in 0.008427 seconds
  Import took 0.013317 seconds .

========================================================================
Received Import Request.
  Time since last request: 79.973081 seconds.
  path: Assets/Prefabs/MagicTree.prefab
  artifactKey: Guid(72b0d19d9a3a73e40ae1f12fe2b0f49f) Importer(815301076,1909f56bfc062723c751e8b465ee728b)
Start importing Assets/Prefabs/MagicTree.prefab using Guid(72b0d19d9a3a73e40ae1f12fe2b0f49f) Importer(815301076,1909f56bfc062723c751e8b465ee728b)  -> (artifact id: '1008556019d37086d08a5d15648bf93c') in 0.007748 seconds
  Import took 0.014129 seconds .

========================================================================
Received Import Request.
  Time since last request: 3.252389 seconds.
  path: Assets/Prefabs/MagicTree.prefab
  artifactKey: Guid(72b0d19d9a3a73e40ae1f12fe2b0f49f) Importer(815301076,1909f56bfc062723c751e8b465ee728b)
Start importing Assets/Prefabs/MagicTree.prefab using Guid(72b0d19d9a3a73e40ae1f12fe2b0f49f) Importer(815301076,1909f56bfc062723c751e8b465ee728b)  -> (artifact id: 'bd484192c3c1ad0267a0db2d43002013') in 0.009158 seconds
  Import took 0.014347 seconds .

========================================================================
Received Import Request.
  Time since last request: 7.369766 seconds.
  path: Assets/Prefabs/MagicTree.prefab
  artifactKey: Guid(72b0d19d9a3a73e40ae1f12fe2b0f49f) Importer(815301076,1909f56bfc062723c751e8b465ee728b)
Start importing Assets/Prefabs/MagicTree.prefab using Guid(72b0d19d9a3a73e40ae1f12fe2b0f49f) Importer(815301076,1909f56bfc062723c751e8b465ee728b)  -> (artifact id: '5fe05df5b9cbf177dbfe337a9e6dfba6') in 0.009791 seconds
  Import took 0.016406 seconds .

========================================================================
Received Import Request.
  Time since last request: 4.212704 seconds.
  path: Assets/Prefabs/MagicTree.prefab
  artifactKey: Guid(72b0d19d9a3a73e40ae1f12fe2b0f49f) Importer(815301076,1909f56bfc062723c751e8b465ee728b)
Start importing Assets/Prefabs/MagicTree.prefab using Guid(72b0d19d9a3a73e40ae1f12fe2b0f49f) Importer(815301076,1909f56bfc062723c751e8b465ee728b)  -> (artifact id: 'c311bcfe0611019769dda940edb39fdd') in 0.009628 seconds
  Import took 0.016317 seconds .

========================================================================
Received Import Request.
  Time since last request: 31.818106 seconds.
  path: Assets/Prefabs/MagicTree.prefab
  artifactKey: Guid(72b0d19d9a3a73e40ae1f12fe2b0f49f) Importer(815301076,1909f56bfc062723c751e8b465ee728b)
Start importing Assets/Prefabs/MagicTree.prefab using Guid(72b0d19d9a3a73e40ae1f12fe2b0f49f) Importer(815301076,1909f56bfc062723c751e8b465ee728b)  -> (artifact id: '466403edc1d345c73fb8b60cdf574ecf') in 0.009519 seconds
  Import took 0.018017 seconds .

========================================================================
Received Import Request.
  Time since last request: 101.160295 seconds.
  path: Assets/PPP.asset
  artifactKey: Guid(292c21eae795b244c98834bdee3fe39b) Importer(815301076,1909f56bfc062723c751e8b465ee728b)
Start importing Assets/PPP.asset using Guid(292c21eae795b244c98834bdee3fe39b) Importer(815301076,1909f56bfc062723c751e8b465ee728b)  -> (artifact id: '39f6deab9df0c8209a56746a0c44ab82') in 0.114069 seconds
  Import took 0.120136 seconds .

========================================================================
Received Import Request.
  Time since last request: 5.323370 seconds.
  path: Assets/Texture
  artifactKey: Guid(6c6fbd104d3a27345b3a78d27ba4c8c9) Importer(815301076,1909f56bfc062723c751e8b465ee728b)
Start importing Assets/Texture using Guid(6c6fbd104d3a27345b3a78d27ba4c8c9) Importer(815301076,1909f56bfc062723c751e8b465ee728b)  -> (artifact id: '4681bbc0da1e0569ef7c05fb64f68333') in 0.018550 seconds
  Import took 0.025795 seconds .

========================================================================
Received Import Request.
  Time since last request: 0.150422 seconds.
  path: Assets/Texture/grass-10- Normal.jpg
  artifactKey: Guid(d6202f4082530404eb63f962414681e3) Importer(815301076,1909f56bfc062723c751e8b465ee728b)
Start importing Assets/Texture/grass-10- Normal.jpg using Guid(d6202f4082530404eb63f962414681e3) Importer(815301076,1909f56bfc062723c751e8b465ee728b)  -> (artifact id: '20847ba3756945efc966b8f00e0e9599') in 0.081796 seconds
  Import took 0.088883 seconds .

========================================================================
Received Import Request.
  Time since last request: 0.000464 seconds.
  path: Assets/Texture/Green.jpg
  artifactKey: Guid(4b9ff6ea461de9e44838718bf07a87bb) Importer(815301076,1909f56bfc062723c751e8b465ee728b)
Start importing Assets/Texture/Green.jpg using Guid(4b9ff6ea461de9e44838718bf07a87bb) Importer(815301076,1909f56bfc062723c751e8b465ee728b)  -> (artifact id: 'ee9bac8e7cf3a3d58cd073ed0a146cfe') in 0.025457 seconds
  Import took 0.030696 seconds .

========================================================================
Received Import Request.
  Time since last request: 0.000463 seconds.
  path: Assets/Texture/pngwing.com (1).png
  artifactKey: Guid(e0b4ffbdafb227b4c8f6d3b3fddb03e4) Importer(815301076,1909f56bfc062723c751e8b465ee728b)
Start importing Assets/Texture/pngwing.com (1).png using Guid(e0b4ffbdafb227b4c8f6d3b3fddb03e4) Importer(815301076,1909f56bfc062723c751e8b465ee728b)  -> (artifact id: 'aa9c3f75bb1501b64b1c0c9fa451d62d') in 0.141369 seconds
  Import took 0.148300 seconds .

========================================================================
Received Import Request.
  Time since last request: 0.000489 seconds.
  path: Assets/Texture/GreyToCollons.png
  artifactKey: Guid(efde23953df5af6499d5cddfeb195f80) Importer(815301076,1909f56bfc062723c751e8b465ee728b)
Start importing Assets/Texture/GreyToCollons.png using Guid(efde23953df5af6499d5cddfeb195f80) Importer(815301076,1909f56bfc062723c751e8b465ee728b)  -> (artifact id: 'e7595ccde46116e580af7b67d5f5c937') in 0.047252 seconds
  Import took 0.055847 seconds .

========================================================================
Received Import Request.
  Time since last request: 0.000484 seconds.
  path: Assets/Texture/grass-10.jpg
  artifactKey: Guid(a760ad78cea9dac42a06655774f10c31) Importer(815301076,1909f56bfc062723c751e8b465ee728b)
Start importing Assets/Texture/grass-10.jpg using Guid(a760ad78cea9dac42a06655774f10c31) Importer(815301076,1909f56bfc062723c751e8b465ee728b)  -> (artifact id: 'b08079884dad55994b555820a28b7d8a') in 0.059285 seconds
  Import took 0.066250 seconds .

========================================================================
Received Import Request.
  Time since last request: 0.000376 seconds.
  path: Assets/Texture/grass-10-3.jpg
  artifactKey: Guid(a84f6d7a9de33c74695b89f47ab13b10) Importer(815301076,1909f56bfc062723c751e8b465ee728b)
Start importing Assets/Texture/grass-10-3.jpg using Guid(a84f6d7a9de33c74695b89f47ab13b10) Importer(815301076,1909f56bfc062723c751e8b465ee728b)  -> (artifact id: 'c42905994b5ec0fd2b91bc7a259b6bc5') in 0.058180 seconds
  Import took 0.063990 seconds .

========================================================================
Received Import Request.
  Time since last request: 7.610635 seconds.
  path: Assets/Texture/SimpleParticl.psd
  artifactKey: Guid(0a4d6c499cd78f843be9a33a50b484fd) Importer(815301076,1909f56bfc062723c751e8b465ee728b)
Start importing Assets/Texture/SimpleParticl.psd using Guid(0a4d6c499cd78f843be9a33a50b484fd) Importer(815301076,1909f56bfc062723c751e8b465ee728b)  -> (artifact id: 'd58916a2618d4faa062ea0de1bbb7f92') in 0.039392 seconds
  Import took 0.043906 seconds .

========================================================================
Received Import Request.
  Time since last request: 0.001986 seconds.
  path: Assets/Texture/SimpleParticl.psd
  artifactKey: Guid(0a4d6c499cd78f843be9a33a50b484fd) Importer(815301076,1909f56bfc062723c751e8b465ee728b)
Start importing Assets/Texture/SimpleParticl.psd using Guid(0a4d6c499cd78f843be9a33a50b484fd) Importer(815301076,1909f56bfc062723c751e8b465ee728b)  -> (artifact id: 'd58916a2618d4faa062ea0de1bbb7f92') in 0.019006 seconds
  Import took 0.024547 seconds .

========================================================================
Received Import Request.
  Time since last request: 18.762007 seconds.
  path: Assets/Material/MagicTree.mat
  artifactKey: Guid(4f4d576234d29df4f9e95988a53ae403) Importer(815301076,1909f56bfc062723c751e8b465ee728b)
Start importing Assets/Material/MagicTree.mat using Guid(4f4d576234d29df4f9e95988a53ae403) Importer(815301076,1909f56bfc062723c751e8b465ee728b)  -> (artifact id: 'f1b910ffeeebfba3508fba3159c41055') in 0.131565 seconds
  Import took 0.139876 seconds .

========================================================================
Received Import Request.
  Time since last request: 109.895974 seconds.
  path: Assets/Texture/SimpleParticl.psd
  artifactKey: Guid(0a4d6c499cd78f843be9a33a50b484fd) Importer(815301076,1909f56bfc062723c751e8b465ee728b)
Start importing Assets/Texture/SimpleParticl.psd using Guid(0a4d6c499cd78f843be9a33a50b484fd) Importer(815301076,1909f56bfc062723c751e8b465ee728b)  -> (artifact id: '7ffff38aaa5976092bc51552a9f36f78') in 0.026442 seconds
  Import took 0.031246 seconds .

========================================================================
Received Import Request.
  Time since last request: 0.007743 seconds.
  path: Assets/Texture/SimpleParticl.psd
  artifactKey: Guid(0a4d6c499cd78f843be9a33a50b484fd) Importer(815301076,1909f56bfc062723c751e8b465ee728b)
Start importing Assets/Texture/SimpleParticl.psd using Guid(0a4d6c499cd78f843be9a33a50b484fd) Importer(815301076,1909f56bfc062723c751e8b465ee728b)  -> (artifact id: '7ffff38aaa5976092bc51552a9f36f78') in 0.020485 seconds
  Import took 0.024488 seconds .

========================================================================
Received Import Request.
  Time since last request: 12.705071 seconds.
  path: Assets/Texture/SimpleParticl.psd
  artifactKey: Guid(0a4d6c499cd78f843be9a33a50b484fd) Importer(815301076,1909f56bfc062723c751e8b465ee728b)
Start importing Assets/Texture/SimpleParticl.psd using Guid(0a4d6c499cd78f843be9a33a50b484fd) Importer(815301076,1909f56bfc062723c751e8b465ee728b)  -> (artifact id: '69e96ab7cebce54fac72b2e47e0bb537') in 0.023743 seconds
  Import took 0.028769 seconds .

========================================================================
Received Import Request.
  Time since last request: 0.007916 seconds.
  path: Assets/Texture/SimpleParticl.psd
  artifactKey: Guid(0a4d6c499cd78f843be9a33a50b484fd) Importer(815301076,1909f56bfc062723c751e8b465ee728b)
Start importing Assets/Texture/SimpleParticl.psd using Guid(0a4d6c499cd78f843be9a33a50b484fd) Importer(815301076,1909f56bfc062723c751e8b465ee728b)  -> (artifact id: '69e96ab7cebce54fac72b2e47e0bb537') in 0.013604 seconds
  Import took 0.018086 seconds .

========================================================================
Received Import Request.
  Time since last request: 5.487355 seconds.
  path: Assets/Texture/SimpleParticl.psd
  artifactKey: Guid(0a4d6c499cd78f843be9a33a50b484fd) Importer(815301076,1909f56bfc062723c751e8b465ee728b)
Start importing Assets/Texture/SimpleParticl.psd using Guid(0a4d6c499cd78f843be9a33a50b484fd) Importer(815301076,1909f56bfc062723c751e8b465ee728b)  -> (artifact id: '86910d6ada86dd6d4634efbd5bf7b6a9') in 0.027229 seconds
  Import took 0.032813 seconds .

========================================================================
Received Import Request.
  Time since last request: 35.122016 seconds.
  path: Assets/Texture/SimpleParticl.psd
  artifactKey: Guid(0a4d6c499cd78f843be9a33a50b484fd) Importer(815301076,1909f56bfc062723c751e8b465ee728b)
Start importing Assets/Texture/SimpleParticl.psd using Guid(0a4d6c499cd78f843be9a33a50b484fd) Importer(815301076,1909f56bfc062723c751e8b465ee728b)  -> (artifact id: '33ddfaa71b12ab23af4d5a071f731921') in 0.026721 seconds
  Import took 0.031563 seconds .

========================================================================
Received Import Request.
  Time since last request: 11.058821 seconds.
  path: Assets/Texture/SimpleParticl.psd
  artifactKey: Guid(0a4d6c499cd78f843be9a33a50b484fd) Importer(815301076,1909f56bfc062723c751e8b465ee728b)
Start importing Assets/Texture/SimpleParticl.psd using Guid(0a4d6c499cd78f843be9a33a50b484fd) Importer(815301076,1909f56bfc062723c751e8b465ee728b)  -> (artifact id: 'efd67718991d08860e0438786d241471') in 0.024274 seconds
  Import took 0.029331 seconds .

========================================================================
Received Import Request.
  Time since last request: 0.010100 seconds.
  path: Assets/Texture/SimpleParticl.psd
  artifactKey: Guid(0a4d6c499cd78f843be9a33a50b484fd) Importer(815301076,1909f56bfc062723c751e8b465ee728b)
Start importing Assets/Texture/SimpleParticl.psd using Guid(0a4d6c499cd78f843be9a33a50b484fd) Importer(815301076,1909f56bfc062723c751e8b465ee728b)  -> (artifact id: 'efd67718991d08860e0438786d241471') in 0.028233 seconds
  Import took 0.033835 seconds .

========================================================================
Received Import Request.
  Time since last request: 310.404708 seconds.
  path: Assets/Texture/SimpleParticl2.psd
  artifactKey: Guid(a137b064128b7334c862e0b9020ed3bc) Importer(815301076,1909f56bfc062723c751e8b465ee728b)
Start importing Assets/Texture/SimpleParticl2.psd using Guid(a137b064128b7334c862e0b9020ed3bc) Importer(815301076,1909f56bfc062723c751e8b465ee728b)  -> (artifact id: '4d21c8e3f1574bcb9351442f1041032a') in 0.020453 seconds
  Import took 0.025319 seconds .

========================================================================
Received Import Request.
  Time since last request: 0.007498 seconds.
  path: Assets/Texture/SimpleParticl2.psd
  artifactKey: Guid(a137b064128b7334c862e0b9020ed3bc) Importer(815301076,1909f56bfc062723c751e8b465ee728b)
Start importing Assets/Texture/SimpleParticl2.psd using Guid(a137b064128b7334c862e0b9020ed3bc) Importer(815301076,1909f56bfc062723c751e8b465ee728b)  -> (artifact id: '4d21c8e3f1574bcb9351442f1041032a') in 0.014396 seconds
  Import took 0.018658 seconds .

========================================================================
Received Import Request.
  Time since last request: 14.229088 seconds.
  path: Assets/Texture/SimpleParticl2.psd
  artifactKey: Guid(a137b064128b7334c862e0b9020ed3bc) Importer(815301076,1909f56bfc062723c751e8b465ee728b)
Start importing Assets/Texture/SimpleParticl2.psd using Guid(a137b064128b7334c862e0b9020ed3bc) Importer(815301076,1909f56bfc062723c751e8b465ee728b)  -> (artifact id: '2ad865d636cd0d4c61fbb75a79394a92') in 0.032553 seconds
  Import took 0.038048 seconds .

========================================================================
Received Import Request.
  Time since last request: 12.901147 seconds.
  path: Assets/Texture/SimpleParticl2.psd
  artifactKey: Guid(a137b064128b7334c862e0b9020ed3bc) Importer(815301076,1909f56bfc062723c751e8b465ee728b)
Start importing Assets/Texture/SimpleParticl2.psd using Guid(a137b064128b7334c862e0b9020ed3bc) Importer(815301076,1909f56bfc062723c751e8b465ee728b)  -> (artifact id: '45738a3fcb21552a912e43731b41e53e') in 0.032004 seconds
  Import took 0.038367 seconds .

========================================================================
Received Import Request.
  Time since last request: 3.181946 seconds.
  path: Assets/Texture/SimpleParticl2.psd
  artifactKey: Guid(a137b064128b7334c862e0b9020ed3bc) Importer(815301076,1909f56bfc062723c751e8b465ee728b)
Start importing Assets/Texture/SimpleParticl2.psd using Guid(a137b064128b7334c862e0b9020ed3bc) Importer(815301076,1909f56bfc062723c751e8b465ee728b)  -> (artifact id: 'bfa5697899d02771dd41136cd889eaf1') in 0.024848 seconds
  Import took 0.029877 seconds .

========================================================================
Received Import Request.
  Time since last request: 0.004033 seconds.
  path: Assets/Texture/SimpleParticl2.psd
  artifactKey: Guid(a137b064128b7334c862e0b9020ed3bc) Importer(815301076,1909f56bfc062723c751e8b465ee728b)
Start importing Assets/Texture/SimpleParticl2.psd using Guid(a137b064128b7334c862e0b9020ed3bc) Importer(815301076,1909f56bfc062723c751e8b465ee728b)  -> (artifact id: 'bfa5697899d02771dd41136cd889eaf1') in 0.026836 seconds
  Import took 0.031267 seconds .

========================================================================
Received Import Request.
  Time since last request: 4.670719 seconds.
  path: Assets/Texture/SimpleParticl2.psd
  artifactKey: Guid(a137b064128b7334c862e0b9020ed3bc) Importer(815301076,1909f56bfc062723c751e8b465ee728b)
Start importing Assets/Texture/SimpleParticl2.psd using Guid(a137b064128b7334c862e0b9020ed3bc) Importer(815301076,1909f56bfc062723c751e8b465ee728b)  -> (artifact id: '38495d0951a8cfeb9776ec5b3a5ffda4') in 0.021728 seconds
  Import took 0.026520 seconds .

========================================================================
Received Import Request.
  Time since last request: 0.002775 seconds.
  path: Assets/Texture/SimpleParticl2.psd
  artifactKey: Guid(a137b064128b7334c862e0b9020ed3bc) Importer(815301076,1909f56bfc062723c751e8b465ee728b)
Start importing Assets/Texture/SimpleParticl2.psd using Guid(a137b064128b7334c862e0b9020ed3bc) Importer(815301076,1909f56bfc062723c751e8b465ee728b)  -> (artifact id: '38495d0951a8cfeb9776ec5b3a5ffda4') in 0.015227 seconds
  Import took 0.021260 seconds .

========================================================================
Received Import Request.
  Time since last request: 2.755955 seconds.
  path: Assets/Texture/SimpleParticl2.psd
  artifactKey: Guid(a137b064128b7334c862e0b9020ed3bc) Importer(815301076,1909f56bfc062723c751e8b465ee728b)
Start importing Assets/Texture/SimpleParticl2.psd using Guid(a137b064128b7334c862e0b9020ed3bc) Importer(815301076,1909f56bfc062723c751e8b465ee728b)  -> (artifact id: 'b31108fc47af8a2972d6220186ea708c') in 0.027795 seconds
  Import took 0.033211 seconds .

========================================================================
Received Import Request.
  Time since last request: 98.684995 seconds.
  path: Assets/Texture/SimpleParticl2.psd
  artifactKey: Guid(a137b064128b7334c862e0b9020ed3bc) Importer(815301076,1909f56bfc062723c751e8b465ee728b)
Start importing Assets/Texture/SimpleParticl2.psd using Guid(a137b064128b7334c862e0b9020ed3bc) Importer(815301076,1909f56bfc062723c751e8b465ee728b)  -> (artifact id: 'cac0234bc82352bbb8c53fd125ac1b86') in 0.027203 seconds
  Import took 0.032250 seconds .

========================================================================
Received Import Request.
  Time since last request: 0.001665 seconds.
  path: Assets/Texture/SimpleParticl2.psd
  artifactKey: Guid(a137b064128b7334c862e0b9020ed3bc) Importer(815301076,1909f56bfc062723c751e8b465ee728b)
Start importing Assets/Texture/SimpleParticl2.psd using Guid(a137b064128b7334c862e0b9020ed3bc) Importer(815301076,1909f56bfc062723c751e8b465ee728b)  -> (artifact id: 'cac0234bc82352bbb8c53fd125ac1b86') in 0.014006 seconds
  Import took 0.018636 seconds .

========================================================================
Received Import Request.
  Time since last request: 34.470169 seconds.
  path: Assets/Texture/SimpleParticl2.psd
  artifactKey: Guid(a137b064128b7334c862e0b9020ed3bc) Importer(815301076,1909f56bfc062723c751e8b465ee728b)
Start importing Assets/Texture/SimpleParticl2.psd using Guid(a137b064128b7334c862e0b9020ed3bc) Importer(815301076,1909f56bfc062723c751e8b465ee728b)  -> (artifact id: '56e47e4a11245bd27528aab0bed71869') in 0.022991 seconds
  Import took 0.029286 seconds .

========================================================================
Received Import Request.
  Time since last request: 21.506934 seconds.
  path: Assets/Texture/SimpleParticl2.psd
  artifactKey: Guid(a137b064128b7334c862e0b9020ed3bc) Importer(815301076,1909f56bfc062723c751e8b465ee728b)
Start importing Assets/Texture/SimpleParticl2.psd using Guid(a137b064128b7334c862e0b9020ed3bc) Importer(815301076,1909f56bfc062723c751e8b465ee728b)  -> (artifact id: 'f1acd9c8a7ff16cb2df603307aa462dd') in 0.026588 seconds
  Import took 0.031041 seconds .

========================================================================
Received Import Request.
  Time since last request: 44.162022 seconds.
  path: Assets/Texture/SimpleParticl2.psd
  artifactKey: Guid(a137b064128b7334c862e0b9020ed3bc) Importer(815301076,1909f56bfc062723c751e8b465ee728b)
Start importing Assets/Texture/SimpleParticl2.psd using Guid(a137b064128b7334c862e0b9020ed3bc) Importer(815301076,1909f56bfc062723c751e8b465ee728b)  -> (artifact id: '4ab295ab3af5527ca3f7c183d88b516f') in 0.026488 seconds
  Import took 0.031908 seconds .

========================================================================
Received Import Request.
  Time since last request: 35.160108 seconds.
  path: Assets/Texture/SimpleParticl2.psd
  artifactKey: Guid(a137b064128b7334c862e0b9020ed3bc) Importer(815301076,1909f56bfc062723c751e8b465ee728b)
Start importing Assets/Texture/SimpleParticl2.psd using Guid(a137b064128b7334c862e0b9020ed3bc) Importer(815301076,1909f56bfc062723c751e8b465ee728b)  -> (artifact id: '16bbfd53001bc3fd934d1aaa6f787159') in 0.022403 seconds
  Import took 0.027818 seconds .

========================================================================
Received Import Request.
  Time since last request: 38.438976 seconds.
  path: Assets/Texture/SimpleParticl2.psd
  artifactKey: Guid(a137b064128b7334c862e0b9020ed3bc) Importer(815301076,1909f56bfc062723c751e8b465ee728b)
Start importing Assets/Texture/SimpleParticl2.psd using Guid(a137b064128b7334c862e0b9020ed3bc) Importer(815301076,1909f56bfc062723c751e8b465ee728b)  -> (artifact id: '17edc2636808a6ec1b5e3c8075176bc1') in 0.027973 seconds
  Import took 0.032605 seconds .

========================================================================
Received Import Request.
  Time since last request: 35.586760 seconds.
  path: Assets/Texture/SimpleParticl2.psd
  artifactKey: Guid(a137b064128b7334c862e0b9020ed3bc) Importer(815301076,1909f56bfc062723c751e8b465ee728b)
Start importing Assets/Texture/SimpleParticl2.psd using Guid(a137b064128b7334c862e0b9020ed3bc) Importer(815301076,1909f56bfc062723c751e8b465ee728b)  -> (artifact id: '1c7b18746d6e7f6ff6676a30f24eefc6') in 0.022313 seconds
  Import took 0.028669 seconds .

========================================================================
Received Import Request.
  Time since last request: 19.110208 seconds.
  path: Assets/Texture/SimpleParticl2.psd
  artifactKey: Guid(a137b064128b7334c862e0b9020ed3bc) Importer(815301076,1909f56bfc062723c751e8b465ee728b)
Start importing Assets/Texture/SimpleParticl2.psd using Guid(a137b064128b7334c862e0b9020ed3bc) Importer(815301076,1909f56bfc062723c751e8b465ee728b)  -> (artifact id: '2ab03cbc099adf02dc74c5c9c95fa69c') in 0.022301 seconds
  Import took 0.026823 seconds .

========================================================================
Received Import Request.
  Time since last request: 107.474985 seconds.
  path: Assets/Texture/SimpleParticl2.psd
  artifactKey: Guid(a137b064128b7334c862e0b9020ed3bc) Importer(815301076,1909f56bfc062723c751e8b465ee728b)
Start importing Assets/Texture/SimpleParticl2.psd using Guid(a137b064128b7334c862e0b9020ed3bc) Importer(815301076,1909f56bfc062723c751e8b465ee728b)  -> (artifact id: '1e0f4c66a253a1624d83fea9406980fe') in 0.022084 seconds
  Import took 0.029395 seconds .

========================================================================
Received Import Request.
  Time since last request: 73.797236 seconds.
  path: Assets/Texture/SimpleParticl2.psd
  artifactKey: Guid(a137b064128b7334c862e0b9020ed3bc) Importer(815301076,1909f56bfc062723c751e8b465ee728b)
Start importing Assets/Texture/SimpleParticl2.psd using Guid(a137b064128b7334c862e0b9020ed3bc) Importer(815301076,1909f56bfc062723c751e8b465ee728b)  -> (artifact id: 'f1c56ca1ae59660a99bcab90e2fa6484') in 0.023058 seconds
  Import took 0.027093 seconds .

========================================================================
Received Import Request.
  Time since last request: 126.578443 seconds.
  path: Assets/Texture/SimpleParticl2.psd
  artifactKey: Guid(a137b064128b7334c862e0b9020ed3bc) Importer(815301076,1909f56bfc062723c751e8b465ee728b)
Start importing Assets/Texture/SimpleParticl2.psd using Guid(a137b064128b7334c862e0b9020ed3bc) Importer(815301076,1909f56bfc062723c751e8b465ee728b)  -> (artifact id: 'ed8df03093e76cff47ad92f16c09a2f2') in 0.028218 seconds
  Import took 0.032477 seconds .

========================================================================
Received Import Request.
  Time since last request: 56.577227 seconds.
  path: Assets/Texture/SimpleParticl2.psd
  artifactKey: Guid(a137b064128b7334c862e0b9020ed3bc) Importer(815301076,1909f56bfc062723c751e8b465ee728b)
Start importing Assets/Texture/SimpleParticl2.psd using Guid(a137b064128b7334c862e0b9020ed3bc) Importer(815301076,1909f56bfc062723c751e8b465ee728b)  -> (artifact id: '0e5f570fedab1a56aead54501bf3a0d1') in 0.021569 seconds
  Import took 0.026849 seconds .

========================================================================
Received Import Request.
  Time since last request: 62.606293 seconds.
  path: Assets/Texture/SimpleParticl2.psd
  artifactKey: Guid(a137b064128b7334c862e0b9020ed3bc) Importer(815301076,1909f56bfc062723c751e8b465ee728b)
Start importing Assets/Texture/SimpleParticl2.psd using Guid(a137b064128b7334c862e0b9020ed3bc) Importer(815301076,1909f56bfc062723c751e8b465ee728b)  -> (artifact id: 'aaba99deb63c255f988ed58c9bfc20e5') in 0.026699 seconds
  Import took 0.031032 seconds .

========================================================================
Received Import Request.
  Time since last request: 43.221706 seconds.
  path: Assets/Texture/SimpleParticl2.psd
  artifactKey: Guid(a137b064128b7334c862e0b9020ed3bc) Importer(815301076,1909f56bfc062723c751e8b465ee728b)
Start importing Assets/Texture/SimpleParticl2.psd using Guid(a137b064128b7334c862e0b9020ed3bc) Importer(815301076,1909f56bfc062723c751e8b465ee728b)  -> (artifact id: '9fd87118da058f7b64299576ce006eb8') in 0.026888 seconds
  Import took 0.031329 seconds .

========================================================================
Received Import Request.
  Time since last request: 57.607929 seconds.
  path: Assets/Texture/SimpleParticl2.psd
  artifactKey: Guid(a137b064128b7334c862e0b9020ed3bc) Importer(815301076,1909f56bfc062723c751e8b465ee728b)
Start importing Assets/Texture/SimpleParticl2.psd using Guid(a137b064128b7334c862e0b9020ed3bc) Importer(815301076,1909f56bfc062723c751e8b465ee728b)  -> (artifact id: 'bfb30cc9ce0c084f942b5da7967bf4ad') in 0.027942 seconds
  Import took 0.033082 seconds .

========================================================================
Received Import Request.
  Time since last request: 99.053862 seconds.
  path: Assets/Texture/SimpleParticl2.psd
  artifactKey: Guid(a137b064128b7334c862e0b9020ed3bc) Importer(815301076,1909f56bfc062723c751e8b465ee728b)
Start importing Assets/Texture/SimpleParticl2.psd using Guid(a137b064128b7334c862e0b9020ed3bc) Importer(815301076,1909f56bfc062723c751e8b465ee728b)  -> (artifact id: 'c312e803c3947b81f00404f2d73fb17d') in 0.024632 seconds
  Import took 0.030834 seconds .

========================================================================
Received Import Request.
  Time since last request: 263.391122 seconds.
  path: Assets/ParticalTest/ParticlesLesson/Fire/Fire.mat
  artifactKey: Guid(0ec8cd8e5cf6d0f46b1607dbc2cababd) Importer(815301076,1909f56bfc062723c751e8b465ee728b)
Start importing Assets/ParticalTest/ParticlesLesson/Fire/Fire.mat using Guid(0ec8cd8e5cf6d0f46b1607dbc2cababd) Importer(815301076,1909f56bfc062723c751e8b465ee728b)  -> (artifact id: '31cf8980faa9bc06e5661e698c585cf2') in 0.061349 seconds
  Import took 0.067875 seconds .

AssetImportWorkerClient::OnTransportError - code=2 error=End of file
